#
# A fatal error has been detected by the Java Runtime Environment:
#
#  EXCEPTION_ACCESS_VIOLATION (0xc0000005) at pc=0x00007ffe7b800591, pid=17524, tid=12580
#
# JRE version: OpenJDK Runtime Environment (17.0.1+12) (build 17.0.1+12-39)
# Java VM: OpenJDK 64-Bit Server VM (17.0.1+12-39, mixed mode, sharing, tiered, compressed oops, compressed class ptrs, g1 gc, windows-amd64)
# Problematic frame:
# C  [nvoglv64.dll+0xb90591]
#
# No core dump will be written. Minidumps are not enabled by default on client versions of Windows
#
# If you would like to submit a bug report, please visit:
#   https://bugreport.java.com/bugreport/crash.jsp
# The crash happened outside the Java Virtual Machine in native code.
# See problematic frame for where to report the bug.
#

---------------  S U M M A R Y ------------

Command Line: -Dfile.encoding=windows-1252 -Duser.country=US -Duser.language=en -Duser.variant Main

Host: AMD Ryzen 5 3500X 6-Core Processor             , 6 cores, 14G,  Windows 10 , 64 bit Build 19041 (10.0.19041.1348)
Time: Sat Jan  8 19:07:52 2022 E. Australia Standard Time elapsed time: 0.674239 seconds (0d 0h 0m 0s)

---------------  T H R E A D  ---------------

Current thread (0x000002359ff1bcc0):  JavaThread "main" [_thread_in_native, id=12580, stack(0x0000006faab00000,0x0000006faac00000)]

Stack: [0x0000006faab00000,0x0000006faac00000],  sp=0x0000006faabff270,  free space=1020k
Native frames: (J=compiled Java code, j=interpreted, Vv=VM code, C=native code)
C  [nvoglv64.dll+0xb90591]

Java frames: (J=compiled Java code, j=interpreted, Vv=VM code)
j  org.lwjgl.opengl.GL11C.nglDrawElements(IIIJ)V+0
j  org.lwjgl.opengl.GL11C.glDrawElements(IIIJ)V+4
j  org.lwjgl.opengl.GL11.glDrawElements(IIIJ)V+4
j  jade.LevelEditorScene.update(F)V+32
j  jade.Window.loop()V+55
j  jade.Window.run()V+37
j  Main.main([Ljava/lang/String;)V+5
v  ~StubRoutines::call_stub

siginfo: EXCEPTION_ACCESS_VIOLATION (0xc0000005), reading address 0x0000000000000014


Register to memory mapping:

RIP=0x00007ffe7b800591 nvoglv64.dll
RAX=0x0000004d4a8e3ba0 is an unknown value
RBX=0x0 is NULL
RCX=0x0 is NULL
RDX=0x00000304e98e5441 is an unknown value
RSP=0x0000006faabff270 is pointing into the stack for thread: 0x000002359ff1bcc0
RBP=0x00000235c3ea5080 points into unknown readable memory: 0x0000000000000000 | 00 00 00 00 00 00 00 00
RSI=0x0000000000000006 is an unknown value
RDI=0x0000000000000001 is an unknown value
R8 =0x0000000000002519 is an unknown value
R9 =0x0 is NULL
R10=0x00000000546c6148 is an unknown value
R11=0x0000015225f5f114 is an unknown value
R12=0x0000000000001405 is an unknown value
R13=0x0000000000001405 is an unknown value
R14=0x0000006faabff488 is pointing into the stack for thread: 0x000002359ff1bcc0
R15=0x0 is NULL


Registers:
RAX=0x0000004d4a8e3ba0, RBX=0x0000000000000000, RCX=0x0000000000000000, RDX=0x00000304e98e5441
RSP=0x0000006faabff270, RBP=0x00000235c3ea5080, RSI=0x0000000000000006, RDI=0x0000000000000001
R8 =0x0000000000002519, R9 =0x0000000000000000, R10=0x00000000546c6148, R11=0x0000015225f5f114
R12=0x0000000000001405, R13=0x0000000000001405, R14=0x0000006faabff488, R15=0x0000000000000000
RIP=0x00007ffe7b800591, EFLAGS=0x0000000000010246

Top of Stack: (sp=0x0000006faabff270)
0x0000006faabff270:   0000000000000018 00000000000000b8
0x0000006faabff280:   0000000000000000 0000000000000000
0x0000006faabff290:   0000000000000000 0000000000000000
0x0000006faabff2a0:   0000000000000000 0000000000000000
0x0000006faabff2b0:   00007ffe8fe1e798 00000235c292ca10
0x0000006faabff2c0:   000002350000000e 000000000017555d
0x0000006faabff2d0:   00000235c2596630 0000000000000000
0x0000006faabff2e0:   0000006faabff488 0000000000001405
0x0000006faabff2f0:   00000235c3ea5080 0000000000000004
0x0000006faabff300:   0000000000000006 0000006faabff448
0x0000006faabff310:   0000000000000000 00007ffe7b45e6f6
0x0000006faabff320:   00000235c3ea5ed8 0000023500000004
0x0000006faabff330:   0000006f00000000 00007ffe00000000
0x0000006faabff340:   0000000000000018 0000023500001405
0x0000006faabff350:   0000000000000000 0000023500000000
0x0000006faabff360:   00000235c2596600 000002359ff1bcc0 

Instructions: (pc=0x00007ffe7b800591)
0x00007ffe7b800491:   00 48 8b e9 44 8b a4 24 d8 00 00 00 45 8b d8 44
0x00007ffe7b8004a1:   8b c2 8b de 48 8b 91 88 03 00 00 41 8b cc d1 e9
0x00007ffe7b8004b1:   83 e1 03 48 89 94 24 b0 00 00 00 d3 e3 44 8b 52
0x00007ffe7b8004c1:   14 8b 42 18 41 f7 d2 44 23 52 0c 41 0b c2 89 9c
0x00007ffe7b8004d1:   24 d0 00 00 00 f7 d0 23 42 10 80 7a 1e 00 0f 85
0x00007ffe7b8004e1:   db 08 00 00 80 bd dc ec 55 00 00 0f 85 ce 08 00
0x00007ffe7b8004f1:   00 85 f6 0f 8e c6 08 00 00 3b 9d e8 ee 55 00 0f
0x00007ffe7b800501:   8f ba 08 00 00 83 7a 08 00 0f 85 b0 08 00 00 80
0x00007ffe7b800511:   7a 1d 00 0f 85 a6 08 00 00 80 7a 1c 00 0f 85 9c
0x00007ffe7b800521:   08 00 00 80 bd e5 38 55 00 00 0f 85 8f 08 00 00
0x00007ffe7b800531:   80 bd ec 38 55 00 00 0f 85 82 08 00 00 a9 00 00
0x00007ffe7b800541:   03 00 0f 85 77 08 00 00 44 0b d0 44 85 52 20 0f
0x00007ffe7b800551:   85 6a 08 00 00 48 89 bc 24 80 00 00 00 48 8d 8d
0x00007ffe7b800561:   40 f0 55 00 4c 89 6c 24 78 bf 01 00 00 00 8b d7
0x00007ffe7b800571:   4c 89 74 24 70 4c 89 7c 24 68 e8 80 25 e7 ff 48
0x00007ffe7b800581:   8b 9c 24 e0 00 00 00 41 81 fc 05 14 00 00 75 18
0x00007ffe7b800591:   8b 44 b3 fc 4c 8d 6e ff 8b 0b 44 8b f0 3b c8 44
0x00007ffe7b8005a1:   0f 47 f1 0f 42 c1 eb 5c 41 81 fc 03 14 00 00 75
0x00007ffe7b8005b1:   23 0f b7 4c 73 fe 4c 8d 6e ff 0f b7 13 0f b7 c1
0x00007ffe7b8005c1:   66 3b d1 66 0f 47 c2 66 0f 42 ca 44 0f b7 f0 0f
0x00007ffe7b8005d1:   b7 c1 eb 30 41 81 fc 01 14 00 00 0f 85 95 07 00
0x00007ffe7b8005e1:   00 0f b6 54 33 ff 4c 8d 6e ff 44 0f b6 03 8b ca
0x00007ffe7b8005f1:   44 3a c2 41 0f 47 c8 44 0f b6 f1 8b ca 41 0f 42
0x00007ffe7b800601:   c8 0f b6 c1 48 8b 8c 24 b0 00 00 00 44 8d 7e ff
0x00007ffe7b800611:   44 2b f0 e8 37 0c 00 00 48 8b 84 24 b0 00 00 00
0x00007ffe7b800621:   44 8b 50 78 41 8b c2 41 0f af c6 44 89 94 24 d8
0x00007ffe7b800631:   00 00 00 3b 85 ec ee 55 00 0f 8f 37 07 00 00 0f
0x00007ffe7b800641:   29 74 24 50 41 81 fc 05 14 00 00 0f 85 15 01 00
0x00007ffe7b800651:   00 44 8b 0b 45 8b f1 48 8d 53 04 3b f7 0f 8e 8d
0x00007ffe7b800661:   03 00 00 41 83 ff 08 0f 82 be 00 00 00 83 3d 0b
0x00007ffe7b800671:   90 bd 01 02 0f 8c b1 00 00 00 41 81 e7 07 00 00
0x00007ffe7b800681:   80 7d 0a 41 ff cf 41 83 cf f8 41 ff c7 66 41 0f 


Stack slot to memory mapping:
stack at sp + 0 slots: 0x0000000000000018 is an unknown value
stack at sp + 1 slots: 0x00000000000000b8 is an unknown value
stack at sp + 2 slots: 0x0 is NULL
stack at sp + 3 slots: 0x0 is NULL
stack at sp + 4 slots: 0x0 is NULL
stack at sp + 5 slots: 0x0 is NULL
stack at sp + 6 slots: 0x0 is NULL
stack at sp + 7 slots: 0x0 is NULL


---------------  P R O C E S S  ---------------

Threads class SMR info:
_java_thread_list=0x00000235c29067e0, length=12, elements={
0x000002359ff1bcc0, 0x00000235c1e50230, 0x00000235c1e50db0, 0x00000235c1e65480,
0x00000235c1e65d40, 0x00000235c1e66600, 0x00000235c1e66ec0, 0x00000235c1e746c0,
0x00000235c1e9e0a0, 0x00000235c1e9e9a0, 0x00000235c2905160, 0x00000235c2909640
}

Java Threads: ( => current thread )
=>0x000002359ff1bcc0 JavaThread "main" [_thread_in_native, id=12580, stack(0x0000006faab00000,0x0000006faac00000)]
  0x00000235c1e50230 JavaThread "Reference Handler" daemon [_thread_blocked, id=12096, stack(0x0000006fab200000,0x0000006fab300000)]
  0x00000235c1e50db0 JavaThread "Finalizer" daemon [_thread_blocked, id=8712, stack(0x0000006fab300000,0x0000006fab400000)]
  0x00000235c1e65480 JavaThread "Signal Dispatcher" daemon [_thread_blocked, id=10816, stack(0x0000006fab400000,0x0000006fab500000)]
  0x00000235c1e65d40 JavaThread "Attach Listener" daemon [_thread_blocked, id=20592, stack(0x0000006fab500000,0x0000006fab600000)]
  0x00000235c1e66600 JavaThread "Service Thread" daemon [_thread_blocked, id=10532, stack(0x0000006fab600000,0x0000006fab700000)]
  0x00000235c1e66ec0 JavaThread "Monitor Deflation Thread" daemon [_thread_blocked, id=6452, stack(0x0000006fab700000,0x0000006fab800000)]
  0x00000235c1e746c0 JavaThread "C2 CompilerThread0" daemon [_thread_blocked, id=7428, stack(0x0000006fab800000,0x0000006fab900000)]
  0x00000235c1e9e0a0 JavaThread "C1 CompilerThread0" daemon [_thread_blocked, id=15316, stack(0x0000006fab900000,0x0000006faba00000)]
  0x00000235c1e9e9a0 JavaThread "Sweeper thread" daemon [_thread_blocked, id=9320, stack(0x0000006faba00000,0x0000006fabb00000)]
  0x00000235c2905160 JavaThread "Notification Thread" daemon [_thread_blocked, id=12060, stack(0x0000006fabb00000,0x0000006fabc00000)]
  0x00000235c2909640 JavaThread "Common-Cleaner" daemon [_thread_blocked, id=19860, stack(0x0000006fabd00000,0x0000006fabe00000)]

Other Threads:
  0x00000235c1e4b820 VMThread "VM Thread" [stack: 0x0000006fab100000,0x0000006fab200000] [id=12464]
  0x000002359ff869d0 WatcherThread [stack: 0x0000006fabc00000,0x0000006fabd00000] [id=14884]
  0x000002359ff68660 GCTaskThread "GC Thread#0" [stack: 0x0000006faac00000,0x0000006faad00000] [id=9768]
  0x000002359ff793d0 ConcurrentGCThread "G1 Main Marker" [stack: 0x0000006faad00000,0x0000006faae00000] [id=14020]
  0x000002359ff7a490 ConcurrentGCThread "G1 Conc#0" [stack: 0x0000006faae00000,0x0000006faaf00000] [id=16392]
  0x00000235c1d120b0 ConcurrentGCThread "G1 Refine#0" [stack: 0x0000006faaf00000,0x0000006fab000000] [id=7956]
  0x00000235c1d128e0 ConcurrentGCThread "G1 Service" [stack: 0x0000006fab000000,0x0000006fab100000] [id=11120]

Threads with active compile tasks:

VM state: not at safepoint (normal execution)

VM Mutex/Monitor currently owned by a thread: None

Heap address: 0x0000000710e00000, size: 3826 MB, Compressed Oops mode: Zero based, Oop shift amount: 3

CDS archive(s) mapped at: [0x0000000800000000-0x0000000800bc0000-0x0000000800bc0000), size 12320768, SharedBaseAddress: 0x0000000800000000, ArchiveRelocationMode: 0.
Compressed class space mapped at: 0x0000000800c00000-0x0000000840c00000, reserved size: 1073741824
Narrow klass base: 0x0000000800000000, Narrow klass shift: 0, Narrow klass range: 0x100000000

GC Precious Log:
 CPUs: 6 total, 6 available
 Memory: 15298M
 Large Page Support: Disabled
 NUMA Support: Disabled
 Compressed Oops: Enabled (Zero based)
 Heap Region Size: 2M
 Heap Min Capacity: 8M
 Heap Initial Capacity: 240M
 Heap Max Capacity: 3826M
 Pre-touch: Disabled
 Parallel Workers: 6
 Concurrent Workers: 2
 Concurrent Refinement Workers: 6
 Periodic GC: Disabled

Heap:
 garbage-first heap   total 245760K, used 8192K [0x0000000710e00000, 0x0000000800000000)
  region size 2048K, 5 young (10240K), 0 survivors (0K)
 Metaspace       used 3331K, committed 3456K, reserved 1056768K
  class space    used 177K, committed 256K, reserved 1048576K

Heap Regions: E=young(eden), S=young(survivor), O=old, HS=humongous(starts), HC=humongous(continues), CS=collection set, F=free, OA=open archive, CA=closed archive, TAMS=top-at-mark-start (previous, next)
|   0|0x0000000710e00000, 0x0000000710e00000, 0x0000000711000000|  0%| F|  |TAMS 0x0000000710e00000, 0x0000000710e00000| Untracked 
|   1|0x0000000711000000, 0x0000000711000000, 0x0000000711200000|  0%| F|  |TAMS 0x0000000711000000, 0x0000000711000000| Untracked 
|   2|0x0000000711200000, 0x0000000711200000, 0x0000000711400000|  0%| F|  |TAMS 0x0000000711200000, 0x0000000711200000| Untracked 
|   3|0x0000000711400000, 0x0000000711400000, 0x0000000711600000|  0%| F|  |TAMS 0x0000000711400000, 0x0000000711400000| Untracked 
|   4|0x0000000711600000, 0x0000000711600000, 0x0000000711800000|  0%| F|  |TAMS 0x0000000711600000, 0x0000000711600000| Untracked 
|   5|0x0000000711800000, 0x0000000711800000, 0x0000000711a00000|  0%| F|  |TAMS 0x0000000711800000, 0x0000000711800000| Untracked 
|   6|0x0000000711a00000, 0x0000000711a00000, 0x0000000711c00000|  0%| F|  |TAMS 0x0000000711a00000, 0x0000000711a00000| Untracked 
|   7|0x0000000711c00000, 0x0000000711c00000, 0x0000000711e00000|  0%| F|  |TAMS 0x0000000711c00000, 0x0000000711c00000| Untracked 
|   8|0x0000000711e00000, 0x0000000711e00000, 0x0000000712000000|  0%| F|  |TAMS 0x0000000711e00000, 0x0000000711e00000| Untracked 
|   9|0x0000000712000000, 0x0000000712000000, 0x0000000712200000|  0%| F|  |TAMS 0x0000000712000000, 0x0000000712000000| Untracked 
|  10|0x0000000712200000, 0x0000000712200000, 0x0000000712400000|  0%| F|  |TAMS 0x0000000712200000, 0x0000000712200000| Untracked 
|  11|0x0000000712400000, 0x0000000712400000, 0x0000000712600000|  0%| F|  |TAMS 0x0000000712400000, 0x0000000712400000| Untracked 
|  12|0x0000000712600000, 0x0000000712600000, 0x0000000712800000|  0%| F|  |TAMS 0x0000000712600000, 0x0000000712600000| Untracked 
|  13|0x0000000712800000, 0x0000000712800000, 0x0000000712a00000|  0%| F|  |TAMS 0x0000000712800000, 0x0000000712800000| Untracked 
|  14|0x0000000712a00000, 0x0000000712a00000, 0x0000000712c00000|  0%| F|  |TAMS 0x0000000712a00000, 0x0000000712a00000| Untracked 
|  15|0x0000000712c00000, 0x0000000712c00000, 0x0000000712e00000|  0%| F|  |TAMS 0x0000000712c00000, 0x0000000712c00000| Untracked 
|  16|0x0000000712e00000, 0x0000000712e00000, 0x0000000713000000|  0%| F|  |TAMS 0x0000000712e00000, 0x0000000712e00000| Untracked 
|  17|0x0000000713000000, 0x0000000713000000, 0x0000000713200000|  0%| F|  |TAMS 0x0000000713000000, 0x0000000713000000| Untracked 
|  18|0x0000000713200000, 0x0000000713200000, 0x0000000713400000|  0%| F|  |TAMS 0x0000000713200000, 0x0000000713200000| Untracked 
|  19|0x0000000713400000, 0x0000000713400000, 0x0000000713600000|  0%| F|  |TAMS 0x0000000713400000, 0x0000000713400000| Untracked 
|  20|0x0000000713600000, 0x0000000713600000, 0x0000000713800000|  0%| F|  |TAMS 0x0000000713600000, 0x0000000713600000| Untracked 
|  21|0x0000000713800000, 0x0000000713800000, 0x0000000713a00000|  0%| F|  |TAMS 0x0000000713800000, 0x0000000713800000| Untracked 
|  22|0x0000000713a00000, 0x0000000713a00000, 0x0000000713c00000|  0%| F|  |TAMS 0x0000000713a00000, 0x0000000713a00000| Untracked 
|  23|0x0000000713c00000, 0x0000000713c00000, 0x0000000713e00000|  0%| F|  |TAMS 0x0000000713c00000, 0x0000000713c00000| Untracked 
|  24|0x0000000713e00000, 0x0000000713e00000, 0x0000000714000000|  0%| F|  |TAMS 0x0000000713e00000, 0x0000000713e00000| Untracked 
|  25|0x0000000714000000, 0x0000000714000000, 0x0000000714200000|  0%| F|  |TAMS 0x0000000714000000, 0x0000000714000000| Untracked 
|  26|0x0000000714200000, 0x0000000714200000, 0x0000000714400000|  0%| F|  |TAMS 0x0000000714200000, 0x0000000714200000| Untracked 
|  27|0x0000000714400000, 0x0000000714400000, 0x0000000714600000|  0%| F|  |TAMS 0x0000000714400000, 0x0000000714400000| Untracked 
|  28|0x0000000714600000, 0x0000000714600000, 0x0000000714800000|  0%| F|  |TAMS 0x0000000714600000, 0x0000000714600000| Untracked 
|  29|0x0000000714800000, 0x0000000714800000, 0x0000000714a00000|  0%| F|  |TAMS 0x0000000714800000, 0x0000000714800000| Untracked 
|  30|0x0000000714a00000, 0x0000000714a00000, 0x0000000714c00000|  0%| F|  |TAMS 0x0000000714a00000, 0x0000000714a00000| Untracked 
|  31|0x0000000714c00000, 0x0000000714c00000, 0x0000000714e00000|  0%| F|  |TAMS 0x0000000714c00000, 0x0000000714c00000| Untracked 
|  32|0x0000000714e00000, 0x0000000714e00000, 0x0000000715000000|  0%| F|  |TAMS 0x0000000714e00000, 0x0000000714e00000| Untracked 
|  33|0x0000000715000000, 0x0000000715000000, 0x0000000715200000|  0%| F|  |TAMS 0x0000000715000000, 0x0000000715000000| Untracked 
|  34|0x0000000715200000, 0x0000000715200000, 0x0000000715400000|  0%| F|  |TAMS 0x0000000715200000, 0x0000000715200000| Untracked 
|  35|0x0000000715400000, 0x0000000715400000, 0x0000000715600000|  0%| F|  |TAMS 0x0000000715400000, 0x0000000715400000| Untracked 
|  36|0x0000000715600000, 0x0000000715600000, 0x0000000715800000|  0%| F|  |TAMS 0x0000000715600000, 0x0000000715600000| Untracked 
|  37|0x0000000715800000, 0x0000000715800000, 0x0000000715a00000|  0%| F|  |TAMS 0x0000000715800000, 0x0000000715800000| Untracked 
|  38|0x0000000715a00000, 0x0000000715a00000, 0x0000000715c00000|  0%| F|  |TAMS 0x0000000715a00000, 0x0000000715a00000| Untracked 
|  39|0x0000000715c00000, 0x0000000715c00000, 0x0000000715e00000|  0%| F|  |TAMS 0x0000000715c00000, 0x0000000715c00000| Untracked 
|  40|0x0000000715e00000, 0x0000000715e00000, 0x0000000716000000|  0%| F|  |TAMS 0x0000000715e00000, 0x0000000715e00000| Untracked 
|  41|0x0000000716000000, 0x0000000716000000, 0x0000000716200000|  0%| F|  |TAMS 0x0000000716000000, 0x0000000716000000| Untracked 
|  42|0x0000000716200000, 0x0000000716200000, 0x0000000716400000|  0%| F|  |TAMS 0x0000000716200000, 0x0000000716200000| Untracked 
|  43|0x0000000716400000, 0x0000000716400000, 0x0000000716600000|  0%| F|  |TAMS 0x0000000716400000, 0x0000000716400000| Untracked 
|  44|0x0000000716600000, 0x0000000716600000, 0x0000000716800000|  0%| F|  |TAMS 0x0000000716600000, 0x0000000716600000| Untracked 
|  45|0x0000000716800000, 0x0000000716800000, 0x0000000716a00000|  0%| F|  |TAMS 0x0000000716800000, 0x0000000716800000| Untracked 
|  46|0x0000000716a00000, 0x0000000716a00000, 0x0000000716c00000|  0%| F|  |TAMS 0x0000000716a00000, 0x0000000716a00000| Untracked 
|  47|0x0000000716c00000, 0x0000000716c00000, 0x0000000716e00000|  0%| F|  |TAMS 0x0000000716c00000, 0x0000000716c00000| Untracked 
|  48|0x0000000716e00000, 0x0000000716e00000, 0x0000000717000000|  0%| F|  |TAMS 0x0000000716e00000, 0x0000000716e00000| Untracked 
|  49|0x0000000717000000, 0x0000000717000000, 0x0000000717200000|  0%| F|  |TAMS 0x0000000717000000, 0x0000000717000000| Untracked 
|  50|0x0000000717200000, 0x0000000717200000, 0x0000000717400000|  0%| F|  |TAMS 0x0000000717200000, 0x0000000717200000| Untracked 
|  51|0x0000000717400000, 0x0000000717400000, 0x0000000717600000|  0%| F|  |TAMS 0x0000000717400000, 0x0000000717400000| Untracked 
|  52|0x0000000717600000, 0x0000000717600000, 0x0000000717800000|  0%| F|  |TAMS 0x0000000717600000, 0x0000000717600000| Untracked 
|  53|0x0000000717800000, 0x0000000717800000, 0x0000000717a00000|  0%| F|  |TAMS 0x0000000717800000, 0x0000000717800000| Untracked 
|  54|0x0000000717a00000, 0x0000000717a00000, 0x0000000717c00000|  0%| F|  |TAMS 0x0000000717a00000, 0x0000000717a00000| Untracked 
|  55|0x0000000717c00000, 0x0000000717c00000, 0x0000000717e00000|  0%| F|  |TAMS 0x0000000717c00000, 0x0000000717c00000| Untracked 
|  56|0x0000000717e00000, 0x0000000717e00000, 0x0000000718000000|  0%| F|  |TAMS 0x0000000717e00000, 0x0000000717e00000| Untracked 
|  57|0x0000000718000000, 0x0000000718000000, 0x0000000718200000|  0%| F|  |TAMS 0x0000000718000000, 0x0000000718000000| Untracked 
|  58|0x0000000718200000, 0x0000000718200000, 0x0000000718400000|  0%| F|  |TAMS 0x0000000718200000, 0x0000000718200000| Untracked 
|  59|0x0000000718400000, 0x0000000718400000, 0x0000000718600000|  0%| F|  |TAMS 0x0000000718400000, 0x0000000718400000| Untracked 
|  60|0x0000000718600000, 0x0000000718600000, 0x0000000718800000|  0%| F|  |TAMS 0x0000000718600000, 0x0000000718600000| Untracked 
|  61|0x0000000718800000, 0x0000000718800000, 0x0000000718a00000|  0%| F|  |TAMS 0x0000000718800000, 0x0000000718800000| Untracked 
|  62|0x0000000718a00000, 0x0000000718a00000, 0x0000000718c00000|  0%| F|  |TAMS 0x0000000718a00000, 0x0000000718a00000| Untracked 
|  63|0x0000000718c00000, 0x0000000718c00000, 0x0000000718e00000|  0%| F|  |TAMS 0x0000000718c00000, 0x0000000718c00000| Untracked 
|  64|0x0000000718e00000, 0x0000000718e00000, 0x0000000719000000|  0%| F|  |TAMS 0x0000000718e00000, 0x0000000718e00000| Untracked 
|  65|0x0000000719000000, 0x0000000719000000, 0x0000000719200000|  0%| F|  |TAMS 0x0000000719000000, 0x0000000719000000| Untracked 
|  66|0x0000000719200000, 0x0000000719200000, 0x0000000719400000|  0%| F|  |TAMS 0x0000000719200000, 0x0000000719200000| Untracked 
|  67|0x0000000719400000, 0x0000000719400000, 0x0000000719600000|  0%| F|  |TAMS 0x0000000719400000, 0x0000000719400000| Untracked 
|  68|0x0000000719600000, 0x0000000719600000, 0x0000000719800000|  0%| F|  |TAMS 0x0000000719600000, 0x0000000719600000| Untracked 
|  69|0x0000000719800000, 0x0000000719800000, 0x0000000719a00000|  0%| F|  |TAMS 0x0000000719800000, 0x0000000719800000| Untracked 
|  70|0x0000000719a00000, 0x0000000719a00000, 0x0000000719c00000|  0%| F|  |TAMS 0x0000000719a00000, 0x0000000719a00000| Untracked 
|  71|0x0000000719c00000, 0x0000000719c00000, 0x0000000719e00000|  0%| F|  |TAMS 0x0000000719c00000, 0x0000000719c00000| Untracked 
|  72|0x0000000719e00000, 0x0000000719e00000, 0x000000071a000000|  0%| F|  |TAMS 0x0000000719e00000, 0x0000000719e00000| Untracked 
|  73|0x000000071a000000, 0x000000071a000000, 0x000000071a200000|  0%| F|  |TAMS 0x000000071a000000, 0x000000071a000000| Untracked 
|  74|0x000000071a200000, 0x000000071a200000, 0x000000071a400000|  0%| F|  |TAMS 0x000000071a200000, 0x000000071a200000| Untracked 
|  75|0x000000071a400000, 0x000000071a400000, 0x000000071a600000|  0%| F|  |TAMS 0x000000071a400000, 0x000000071a400000| Untracked 
|  76|0x000000071a600000, 0x000000071a600000, 0x000000071a800000|  0%| F|  |TAMS 0x000000071a600000, 0x000000071a600000| Untracked 
|  77|0x000000071a800000, 0x000000071a800000, 0x000000071aa00000|  0%| F|  |TAMS 0x000000071a800000, 0x000000071a800000| Untracked 
|  78|0x000000071aa00000, 0x000000071aa00000, 0x000000071ac00000|  0%| F|  |TAMS 0x000000071aa00000, 0x000000071aa00000| Untracked 
|  79|0x000000071ac00000, 0x000000071ac00000, 0x000000071ae00000|  0%| F|  |TAMS 0x000000071ac00000, 0x000000071ac00000| Untracked 
|  80|0x000000071ae00000, 0x000000071ae00000, 0x000000071b000000|  0%| F|  |TAMS 0x000000071ae00000, 0x000000071ae00000| Untracked 
|  81|0x000000071b000000, 0x000000071b000000, 0x000000071b200000|  0%| F|  |TAMS 0x000000071b000000, 0x000000071b000000| Untracked 
|  82|0x000000071b200000, 0x000000071b200000, 0x000000071b400000|  0%| F|  |TAMS 0x000000071b200000, 0x000000071b200000| Untracked 
|  83|0x000000071b400000, 0x000000071b400000, 0x000000071b600000|  0%| F|  |TAMS 0x000000071b400000, 0x000000071b400000| Untracked 
|  84|0x000000071b600000, 0x000000071b600000, 0x000000071b800000|  0%| F|  |TAMS 0x000000071b600000, 0x000000071b600000| Untracked 
|  85|0x000000071b800000, 0x000000071b800000, 0x000000071ba00000|  0%| F|  |TAMS 0x000000071b800000, 0x000000071b800000| Untracked 
|  86|0x000000071ba00000, 0x000000071ba00000, 0x000000071bc00000|  0%| F|  |TAMS 0x000000071ba00000, 0x000000071ba00000| Untracked 
|  87|0x000000071bc00000, 0x000000071bc00000, 0x000000071be00000|  0%| F|  |TAMS 0x000000071bc00000, 0x000000071bc00000| Untracked 
|  88|0x000000071be00000, 0x000000071be00000, 0x000000071c000000|  0%| F|  |TAMS 0x000000071be00000, 0x000000071be00000| Untracked 
|  89|0x000000071c000000, 0x000000071c000000, 0x000000071c200000|  0%| F|  |TAMS 0x000000071c000000, 0x000000071c000000| Untracked 
|  90|0x000000071c200000, 0x000000071c200000, 0x000000071c400000|  0%| F|  |TAMS 0x000000071c200000, 0x000000071c200000| Untracked 
|  91|0x000000071c400000, 0x000000071c400000, 0x000000071c600000|  0%| F|  |TAMS 0x000000071c400000, 0x000000071c400000| Untracked 
|  92|0x000000071c600000, 0x000000071c600000, 0x000000071c800000|  0%| F|  |TAMS 0x000000071c600000, 0x000000071c600000| Untracked 
|  93|0x000000071c800000, 0x000000071c800000, 0x000000071ca00000|  0%| F|  |TAMS 0x000000071c800000, 0x000000071c800000| Untracked 
|  94|0x000000071ca00000, 0x000000071ca00000, 0x000000071cc00000|  0%| F|  |TAMS 0x000000071ca00000, 0x000000071ca00000| Untracked 
|  95|0x000000071cc00000, 0x000000071cc00000, 0x000000071ce00000|  0%| F|  |TAMS 0x000000071cc00000, 0x000000071cc00000| Untracked 
|  96|0x000000071ce00000, 0x000000071ce00000, 0x000000071d000000|  0%| F|  |TAMS 0x000000071ce00000, 0x000000071ce00000| Untracked 
|  97|0x000000071d000000, 0x000000071d000000, 0x000000071d200000|  0%| F|  |TAMS 0x000000071d000000, 0x000000071d000000| Untracked 
|  98|0x000000071d200000, 0x000000071d200000, 0x000000071d400000|  0%| F|  |TAMS 0x000000071d200000, 0x000000071d200000| Untracked 
|  99|0x000000071d400000, 0x000000071d400000, 0x000000071d600000|  0%| F|  |TAMS 0x000000071d400000, 0x000000071d400000| Untracked 
| 100|0x000000071d600000, 0x000000071d600000, 0x000000071d800000|  0%| F|  |TAMS 0x000000071d600000, 0x000000071d600000| Untracked 
| 101|0x000000071d800000, 0x000000071d800000, 0x000000071da00000|  0%| F|  |TAMS 0x000000071d800000, 0x000000071d800000| Untracked 
| 102|0x000000071da00000, 0x000000071da00000, 0x000000071dc00000|  0%| F|  |TAMS 0x000000071da00000, 0x000000071da00000| Untracked 
| 103|0x000000071dc00000, 0x000000071dc00000, 0x000000071de00000|  0%| F|  |TAMS 0x000000071dc00000, 0x000000071dc00000| Untracked 
| 104|0x000000071de00000, 0x000000071de00000, 0x000000071e000000|  0%| F|  |TAMS 0x000000071de00000, 0x000000071de00000| Untracked 
| 105|0x000000071e000000, 0x000000071e000000, 0x000000071e200000|  0%| F|  |TAMS 0x000000071e000000, 0x000000071e000000| Untracked 
| 106|0x000000071e200000, 0x000000071e200000, 0x000000071e400000|  0%| F|  |TAMS 0x000000071e200000, 0x000000071e200000| Untracked 
| 107|0x000000071e400000, 0x000000071e400000, 0x000000071e600000|  0%| F|  |TAMS 0x000000071e400000, 0x000000071e400000| Untracked 
| 108|0x000000071e600000, 0x000000071e600000, 0x000000071e800000|  0%| F|  |TAMS 0x000000071e600000, 0x000000071e600000| Untracked 
| 109|0x000000071e800000, 0x000000071e800000, 0x000000071ea00000|  0%| F|  |TAMS 0x000000071e800000, 0x000000071e800000| Untracked 
| 110|0x000000071ea00000, 0x000000071ea00000, 0x000000071ec00000|  0%| F|  |TAMS 0x000000071ea00000, 0x000000071ea00000| Untracked 
| 111|0x000000071ec00000, 0x000000071ec00000, 0x000000071ee00000|  0%| F|  |TAMS 0x000000071ec00000, 0x000000071ec00000| Untracked 
| 112|0x000000071ee00000, 0x000000071ee00000, 0x000000071f000000|  0%| F|  |TAMS 0x000000071ee00000, 0x000000071ee00000| Untracked 
| 113|0x000000071f000000, 0x000000071f000000, 0x000000071f200000|  0%| F|  |TAMS 0x000000071f000000, 0x000000071f000000| Untracked 
| 114|0x000000071f200000, 0x000000071f200000, 0x000000071f400000|  0%| F|  |TAMS 0x000000071f200000, 0x000000071f200000| Untracked 
| 115|0x000000071f400000, 0x000000071f4704a0, 0x000000071f600000| 21%| E|  |TAMS 0x000000071f400000, 0x000000071f400000| Complete 
| 116|0x000000071f600000, 0x000000071f800000, 0x000000071f800000|100%| E|CS|TAMS 0x000000071f600000, 0x000000071f600000| Complete 
| 117|0x000000071f800000, 0x000000071fa00000, 0x000000071fa00000|100%| E|CS|TAMS 0x000000071f800000, 0x000000071f800000| Complete 
| 118|0x000000071fa00000, 0x000000071fc00000, 0x000000071fc00000|100%| E|CS|TAMS 0x000000071fa00000, 0x000000071fa00000| Complete 
| 119|0x000000071fc00000, 0x000000071fe00000, 0x000000071fe00000|100%| E|CS|TAMS 0x000000071fc00000, 0x000000071fc00000| Complete 

Card table byte_map: [0x00000235b6fc0000,0x00000235b7740000] _byte_map_base: 0x00000235b3739000

Marking Bits (Prev, Next): (CMBitMap*) 0x000002359ff69b90, (CMBitMap*) 0x000002359ff69bd0
 Prev Bits: [0x00000235b7ec0000, 0x00000235bba88000)
 Next Bits: [0x00000235bba90000, 0x00000235bf658000)

Polling page: 0x000002359f700000

Metaspace:

Usage:
  Non-class:      3.08 MB used.
      Class:    177.35 KB used.
       Both:      3.25 MB used.

Virtual space:
  Non-class space:        8.00 MB reserved,       3.12 MB ( 39%) committed,  1 nodes.
      Class space:        1.00 GB reserved,     256.00 KB ( <1%) committed,  1 nodes.
             Both:        1.01 GB reserved,       3.38 MB ( <1%) committed. 

Chunk freelists:
   Non-Class:  1.94 MB
       Class:  3.63 MB
        Both:  5.57 MB

MaxMetaspaceSize: unlimited
CompressedClassSpaceSize: 1.00 GB
Initial GC threshold: 21.00 MB
Current GC threshold: 21.00 MB
CDS: on
MetaspaceReclaimPolicy: balanced
 - commit_granule_bytes: 65536.
 - commit_granule_words: 8192.
 - virtual_space_node_default_size: 1048576.
 - enlarge_chunks_in_place: 1.
 - new_chunks_are_fully_committed: 0.
 - uncommit_free_chunks: 1.
 - use_allocation_guard: 0.
 - handle_deallocations: 1.


Internal statistics:

num_allocs_failed_limit: 0.
num_arena_births: 74.
num_arena_deaths: 0.
num_vsnodes_births: 2.
num_vsnodes_deaths: 0.
num_space_committed: 52.
num_space_uncommitted: 0.
num_chunks_returned_to_freelist: 0.
num_chunks_taken_from_freelist: 168.
num_chunk_merges: 0.
num_chunk_splits: 112.
num_chunks_enlarged: 77.
num_purges: 0.
num_inconsistent_stats: 0.

CodeHeap 'non-profiled nmethods': size=120000Kb used=173Kb max_used=173Kb free=119826Kb
 bounds [0x00000235af1f0000, 0x00000235af460000, 0x00000235b6720000]
CodeHeap 'profiled nmethods': size=120000Kb used=874Kb max_used=874Kb free=119125Kb
 bounds [0x00000235a7cc0000, 0x00000235a7f30000, 0x00000235af1f0000]
CodeHeap 'non-nmethods': size=5760Kb used=1529Kb max_used=1543Kb free=4231Kb
 bounds [0x00000235a7720000, 0x00000235a7990000, 0x00000235a7cc0000]
 total_blobs=1515 nmethods=576 adapters=852
 compilation: enabled
              stopped_count=0, restarted_count=0
 full_count=0

Compilation events (20 events):
Event: 0.643 Thread 0x00000235c1e9e0a0  560       3       org.lwjgl.system.Checks::checkFunctions (81 bytes)
Event: 0.643 Thread 0x00000235c1e9e0a0 nmethod 560 0x00000235a7d88490 code [0x00000235a7d88680, 0x00000235a7d88b08]
Event: 0.655 Thread 0x00000235c1e9e0a0  561       1       org.lwjgl.system.CustomBuffer::limit (5 bytes)
Event: 0.655 Thread 0x00000235c1e746c0  562       4       org.lwjgl.PointerBuffer::get (22 bytes)
Event: 0.655 Thread 0x00000235c1e9e0a0 nmethod 561 0x00000235af218b10 code [0x00000235af218ca0, 0x00000235af218d78]
Event: 0.655 Thread 0x00000235c1e746c0 nmethod 562 0x00000235af218e10 code [0x00000235af218f80, 0x00000235af219058]
Event: 0.662 Thread 0x00000235c1e746c0  563       4       java.lang.StringLatin1::replace (198 bytes)
Event: 0.664 Thread 0x00000235c1e9e0a0  565       3       java.util.WeakHashMap::getTable (9 bytes)
Event: 0.664 Thread 0x00000235c1e9e0a0 nmethod 565 0x00000235a7d88d10 code [0x00000235a7d88ea0, 0x00000235a7d88fe8]
Event: 0.664 Thread 0x00000235c1e9e0a0  566   !   3       java.util.WeakHashMap::expungeStaleEntries (139 bytes)
Event: 0.664 Thread 0x00000235c1e9e0a0 nmethod 566 0x00000235a7d89090 code [0x00000235a7d892a0, 0x00000235a7d89ce8]
Event: 0.664 Thread 0x00000235c1e9e0a0  567       3       java.util.ArrayDeque::inc (12 bytes)
Event: 0.664 Thread 0x00000235c1e9e0a0 nmethod 567 0x00000235a7d8a190 code [0x00000235a7d8a320, 0x00000235a7d8a458]
Event: 0.665 Thread 0x00000235c1e9e0a0  568       3       sun.net.www.protocol.file.Handler::parseURL (18 bytes)
Event: 0.665 Thread 0x00000235c1e9e0a0 nmethod 568 0x00000235a7d8a510 code [0x00000235a7d8a6c0, 0x00000235a7d8a878]
Event: 0.665 Thread 0x00000235c1e9e0a0  570       3       java.io.RandomAccessFile::read (8 bytes)
Event: 0.665 Thread 0x00000235c1e9e0a0 nmethod 570 0x00000235a7d8a990 code [0x00000235a7d8ab20, 0x00000235a7d8ac68]
Event: 0.665 Thread 0x00000235c1e9e0a0  569       3       java.net.URLStreamHandler::parseURL (1201 bytes)
Event: 0.669 Thread 0x00000235c1e746c0 nmethod 563 0x00000235af219910 code [0x00000235af219ac0, 0x00000235af219fa8]
Event: 0.669 Thread 0x00000235c1e746c0  564 %     4       java.lang.StringLatin1::indexOf @ 30 (121 bytes)

GC Heap History (0 events):
No events

Deoptimization events (10 events):
Event: 0.178 Thread 0x000002359ff1bcc0 DEOPT PACKING pc=0x00000235a7cd6fe7 sp=0x0000006faabfbb50
Event: 0.178 Thread 0x000002359ff1bcc0 DEOPT UNPACKING pc=0x00000235a7772b43 sp=0x0000006faabfaf70 mode 0
Event: 0.192 Thread 0x000002359ff1bcc0 Uncommon trap: trap_request=0xffffff45 fr.pc=0x00000235af1f7264 relative=0x0000000000000064
Event: 0.192 Thread 0x000002359ff1bcc0 Uncommon trap: reason=unstable_if action=reinterpret pc=0x00000235af1f7264 method=java.io.WinNTFileSystem.isSlash(C)Z @ 9 c2
Event: 0.192 Thread 0x000002359ff1bcc0 DEOPT PACKING pc=0x00000235af1f7264 sp=0x0000006faabfbc40
Event: 0.192 Thread 0x000002359ff1bcc0 DEOPT UNPACKING pc=0x00000235a77723a3 sp=0x0000006faabfbbc8 mode 2
Event: 0.616 Thread 0x000002359ff1bcc0 Uncommon trap: trap_request=0xffffff54 fr.pc=0x00000235af21675c relative=0x000000000000005c
Event: 0.616 Thread 0x000002359ff1bcc0 Uncommon trap: reason=speculate_null_assert action=make_not_entrant pc=0x00000235af21675c method=sun.misc.Unsafe.getLong(Ljava/lang/Object;J)J @ 5 c2
Event: 0.616 Thread 0x000002359ff1bcc0 DEOPT PACKING pc=0x00000235af21675c sp=0x0000006faabff310
Event: 0.616 Thread 0x000002359ff1bcc0 DEOPT UNPACKING pc=0x00000235a77723a3 sp=0x0000006faabff298 mode 2

Classes unloaded (0 events):
No events

Classes redefined (0 events):
No events

Internal exceptions (20 events):
Event: 0.267 Thread 0x000002359ff1bcc0 Exception <a 'java/lang/NoSuchMethodError'{0x000000071f831f20}: 'java.lang.Object java.lang.invoke.DirectMethodHandle$Holder.newInvokeSpecial(java.lang.Object, java.lang.Object, long)'> (0x000000071f831f20) 
thrown [t:\workspace\open\src\hotspot\share\interpreter\linkResolver.cpp, line 766]
Event: 0.267 Thread 0x000002359ff1bcc0 Exception <a 'java/lang/NoSuchMethodError'{0x000000071f835f68}: 'java.lang.Object java.lang.invoke.Invokers$Holder.linkToTargetMethod(java.lang.Object, long, java.lang.Object)'> (0x000000071f835f68) 
thrown [t:\workspace\open\src\hotspot\share\interpreter\linkResolver.cpp, line 766]
Event: 0.267 Thread 0x000002359ff1bcc0 Exception <a 'java/lang/NoSuchMethodError'{0x000000071f83d680}: 'int java.lang.invoke.DirectMethodHandle$Holder.invokeStaticInit(java.lang.Object, java.lang.Object, java.lang.Object, long)'> (0x000000071f83d680) 
thrown [t:\workspace\open\src\hotspot\share\interpreter\linkResolver.cpp, line 766]
Event: 0.278 Thread 0x000002359ff1bcc0 Exception <a 'sun/nio/fs/WindowsException'{0x000000071f8f23e0}> (0x000000071f8f23e0) 
thrown [t:\workspace\open\src\hotspot\share\prims\jni.cpp, line 516]
Event: 0.278 Thread 0x000002359ff1bcc0 Exception <a 'sun/nio/fs/WindowsException'{0x000000071f8f26b0}> (0x000000071f8f26b0) 
thrown [t:\workspace\open\src\hotspot\share\prims\jni.cpp, line 516]
Event: 0.278 Thread 0x000002359ff1bcc0 Exception <a 'sun/nio/fs/WindowsException'{0x000000071f8f30a8}> (0x000000071f8f30a8) 
thrown [t:\workspace\open\src\hotspot\share\prims\jni.cpp, line 516]
Event: 0.279 Thread 0x000002359ff1bcc0 Exception <a 'sun/nio/fs/WindowsException'{0x000000071f8fa0e0}> (0x000000071f8fa0e0) 
thrown [t:\workspace\open\src\hotspot\share\prims\jni.cpp, line 516]
Event: 0.301 Thread 0x000002359ff1bcc0 Exception <a 'sun/nio/fs/WindowsException'{0x000000071f8fce58}> (0x000000071f8fce58) 
thrown [t:\workspace\open\src\hotspot\share\prims\jni.cpp, line 516]
Event: 0.301 Thread 0x000002359ff1bcc0 Exception <a 'sun/nio/fs/WindowsException'{0x000000071f8fd1c8}> (0x000000071f8fd1c8) 
thrown [t:\workspace\open\src\hotspot\share\prims\jni.cpp, line 516]
Event: 0.563 Thread 0x000002359ff1bcc0 Exception <a 'java/lang/NoSuchMethodError'{0x000000071f953b98}: 'void java.lang.invoke.DirectMethodHandle$Holder.invokeStaticInit(java.lang.Object, long, double, double)'> (0x000000071f953b98) 
thrown [t:\workspace\open\src\hotspot\share\interpreter\linkResolver.cpp, line 766]
Event: 0.565 Thread 0x000002359ff1bcc0 Exception <a 'java/lang/NoSuchMethodError'{0x000000071f963db0}: 'void java.lang.invoke.DirectMethodHandle$Holder.invokeStaticInit(java.lang.Object, long, int, int, int)'> (0x000000071f963db0) 
thrown [t:\workspace\open\src\hotspot\share\interpreter\linkResolver.cpp, line 766]
Event: 0.570 Thread 0x000002359ff1bcc0 Exception <a 'java/lang/NoSuchMethodError'{0x000000071f97e4b0}: 'void java.lang.invoke.DirectMethodHandle$Holder.invokeStaticInit(java.lang.Object, long, int, int, int, int)'> (0x000000071f97e4b0) 
thrown [t:\workspace\open\src\hotspot\share\interpreter\linkResolver.cpp, line 766]
Event: 0.586 Thread 0x000002359ff1bcc0 Exception <a 'sun/nio/fs/WindowsException'{0x000000071f9aa530}> (0x000000071f9aa530) 
thrown [t:\workspace\open\src\hotspot\share\prims\jni.cpp, line 516]
Event: 0.586 Thread 0x000002359ff1bcc0 Exception <a 'sun/nio/fs/WindowsException'{0x000000071f9aa830}> (0x000000071f9aa830) 
thrown [t:\workspace\open\src\hotspot\share\prims\jni.cpp, line 516]
Event: 0.586 Thread 0x000002359ff1bcc0 Exception <a 'sun/nio/fs/WindowsException'{0x000000071f9ab238}> (0x000000071f9ab238) 
thrown [t:\workspace\open\src\hotspot\share\prims\jni.cpp, line 516]
Event: 0.587 Thread 0x000002359ff1bcc0 Exception <a 'sun/nio/fs/WindowsException'{0x000000071f9b22a8}> (0x000000071f9b22a8) 
thrown [t:\workspace\open\src\hotspot\share\prims\jni.cpp, line 516]
Event: 0.608 Thread 0x000002359ff1bcc0 Exception <a 'sun/nio/fs/WindowsException'{0x000000071f9b5088}> (0x000000071f9b5088) 
thrown [t:\workspace\open\src\hotspot\share\prims\jni.cpp, line 516]
Event: 0.608 Thread 0x000002359ff1bcc0 Exception <a 'sun/nio/fs/WindowsException'{0x000000071f9b5438}> (0x000000071f9b5438) 
thrown [t:\workspace\open\src\hotspot\share\prims\jni.cpp, line 516]
Event: 0.611 Thread 0x000002359ff1bcc0 Exception <a 'sun/nio/fs/WindowsException'{0x000000071f9bcda8}> (0x000000071f9bcda8) 
thrown [t:\workspace\open\src\hotspot\share\prims\jni.cpp, line 516]
Event: 0.611 Thread 0x000002359ff1bcc0 Exception <a 'sun/nio/fs/WindowsException'{0x000000071f9bd090}> (0x000000071f9bd090) 
thrown [t:\workspace\open\src\hotspot\share\prims\jni.cpp, line 516]

VM Operations (4 events):
Event: 0.063 Executing VM operation: HandshakeAllThreads
Event: 0.063 Executing VM operation: HandshakeAllThreads done
Event: 0.192 Executing VM operation: HandshakeAllThreads
Event: 0.192 Executing VM operation: HandshakeAllThreads done

Events (20 events):
Event: 0.262 loading class sun/misc/Unsafe done
Event: 0.262 loading class jdk/internal/reflect/UnsafeFieldAccessorFactory
Event: 0.262 loading class jdk/internal/reflect/UnsafeFieldAccessorFactory done
Event: 0.262 loading class jdk/internal/reflect/UnsafeQualifiedStaticObjectFieldAccessorImpl
Event: 0.262 loading class jdk/internal/reflect/UnsafeQualifiedStaticFieldAccessorImpl
Event: 0.262 loading class jdk/internal/reflect/UnsafeQualifiedStaticFieldAccessorImpl done
Event: 0.262 loading class jdk/internal/reflect/UnsafeQualifiedStaticObjectFieldAccessorImpl done
Event: 0.264 loading class java/util/function/LongPredicate
Event: 0.264 loading class java/util/function/LongPredicate done
Event: 0.265 loading class jdk/internal/access/foreign/MemorySegmentProxy
Event: 0.265 loading class jdk/internal/access/foreign/MemorySegmentProxy done
Event: 0.268 loading class java/nio/InvalidMarkException
Event: 0.268 loading class java/nio/InvalidMarkException done
Event: 0.268 loading class java/nio/BufferUnderflowException
Event: 0.268 loading class java/nio/BufferUnderflowException done
Event: 0.302 loading class java/lang/NoSuchFieldError
Event: 0.302 loading class java/lang/NoSuchFieldError done
Event: 0.305 loading class jdk/internal/reflect/UnsafeQualifiedStaticIntegerFieldAccessorImpl
Event: 0.305 loading class jdk/internal/reflect/UnsafeQualifiedStaticIntegerFieldAccessorImpl done
Event: 0.610 Loaded shared library C:\Users\duckm\AppData\Local\Temp\lwjglduckm\3.3.0-build-21\lwjgl_opengl.dll


Dynamic libraries:
0x00007ff6f5120000 - 0x00007ff6f512e000 	C:\Users\duckm\.jdks\openjdk-17.0.1\bin\java.exe
0x00007fff008f0000 - 0x00007fff00ae5000 	C:\Windows\SYSTEM32\ntdll.dll
0x00007fff007f0000 - 0x00007fff008ae000 	C:\Windows\System32\KERNEL32.DLL
0x00007ffefe4a0000 - 0x00007ffefe768000 	C:\Windows\System32\KERNELBASE.dll
0x00007ffefe250000 - 0x00007ffefe350000 	C:\Windows\System32\ucrtbase.dll
0x00007ffeeb860000 - 0x00007ffeeb878000 	C:\Users\duckm\.jdks\openjdk-17.0.1\bin\jli.dll
0x00007ffeeb840000 - 0x00007ffeeb85a000 	C:\Users\duckm\.jdks\openjdk-17.0.1\bin\VCRUNTIME140.dll
0x00007ffefebd0000 - 0x00007ffefed71000 	C:\Windows\System32\USER32.dll
0x00007ffef36d0000 - 0x00007ffef396a000 	C:\Windows\WinSxS\amd64_microsoft.windows.common-controls_6595b64144ccf1df_6.0.19041.1110_none_60b5254171f9507e\COMCTL32.dll
0x00007ffefe470000 - 0x00007ffefe492000 	C:\Windows\System32\win32u.dll
0x00007ffefe930000 - 0x00007ffefe9ce000 	C:\Windows\System32\msvcrt.dll
0x00007ffeff190000 - 0x00007ffeff1bb000 	C:\Windows\System32\GDI32.dll
0x00007ffefe770000 - 0x00007ffefe87d000 	C:\Windows\System32\gdi32full.dll
0x00007ffefe000000 - 0x00007ffefe09d000 	C:\Windows\System32\msvcp_win.dll
0x00007fff007c0000 - 0x00007fff007f0000 	C:\Windows\System32\IMM32.DLL
0x00007ffeeb830000 - 0x00007ffeeb83c000 	C:\Users\duckm\.jdks\openjdk-17.0.1\bin\vcruntime140_1.dll
0x00007ffebdee0000 - 0x00007ffebdf6d000 	C:\Users\duckm\.jdks\openjdk-17.0.1\bin\msvcp140.dll
0x00007ffe8f520000 - 0x00007ffe900de000 	C:\Users\duckm\.jdks\openjdk-17.0.1\bin\server\jvm.dll
0x00007fff00470000 - 0x00007fff0051c000 	C:\Windows\System32\ADVAPI32.dll
0x00007fff00330000 - 0x00007fff003cb000 	C:\Windows\System32\sechost.dll
0x00007ffeff1d0000 - 0x00007ffeff2fa000 	C:\Windows\System32\RPCRT4.dll
0x00007fff00460000 - 0x00007fff00468000 	C:\Windows\System32\PSAPI.DLL
0x00007ffef55d0000 - 0x00007ffef55d9000 	C:\Windows\SYSTEM32\WSOCK32.dll
0x00007ffef6710000 - 0x00007ffef6737000 	C:\Windows\SYSTEM32\WINMM.dll
0x00007ffef7ae0000 - 0x00007ffef7aea000 	C:\Windows\SYSTEM32\VERSION.dll
0x00007fff005a0000 - 0x00007fff0060b000 	C:\Windows\System32\WS2_32.dll
0x00007ffefbf10000 - 0x00007ffefbf22000 	C:\Windows\SYSTEM32\kernel.appcore.dll
0x00007ffeeb820000 - 0x00007ffeeb82a000 	C:\Users\duckm\.jdks\openjdk-17.0.1\bin\jimage.dll
0x00007ffeeacd0000 - 0x00007ffeeaeb4000 	C:\Windows\SYSTEM32\DBGHELP.DLL
0x00007ffee9230000 - 0x00007ffee925c000 	C:\Windows\SYSTEM32\dbgcore.DLL
0x00007ffefe350000 - 0x00007ffefe3d2000 	C:\Windows\System32\bcryptPrimitives.dll
0x00007ffee28e0000 - 0x00007ffee2905000 	C:\Users\duckm\.jdks\openjdk-17.0.1\bin\java.dll
0x00007ffebde00000 - 0x00007ffebded6000 	C:\Users\duckm\.jdks\openjdk-17.0.1\bin\svml.dll
0x00007ffeffbe0000 - 0x00007fff00324000 	C:\Windows\System32\SHELL32.dll
0x00007ffefc110000 - 0x00007ffefc8a4000 	C:\Windows\SYSTEM32\windows.storage.dll
0x00007ffefee30000 - 0x00007ffeff185000 	C:\Windows\System32\combase.dll
0x00007ffefda50000 - 0x00007ffefda7e000 	C:\Windows\SYSTEM32\Wldp.dll
0x00007ffefe9d0000 - 0x00007ffefea7d000 	C:\Windows\System32\SHCORE.dll
0x00007ffeff9e0000 - 0x00007ffeffa35000 	C:\Windows\System32\shlwapi.dll
0x00007ffefdf40000 - 0x00007ffefdf5f000 	C:\Windows\SYSTEM32\profapi.dll
0x00007ffee28c0000 - 0x00007ffee28d9000 	C:\Users\duckm\.jdks\openjdk-17.0.1\bin\net.dll
0x00007ffef6ef0000 - 0x00007ffef6ffc000 	C:\Windows\SYSTEM32\WINHTTP.dll
0x00007ffefd7b0000 - 0x00007ffefd81a000 	C:\Windows\system32\mswsock.dll
0x00007ffedfb90000 - 0x00007ffedfba5000 	C:\Users\duckm\.jdks\openjdk-17.0.1\bin\nio.dll
0x00007ffedeaf0000 - 0x00007ffedeb08000 	C:\Users\duckm\.jdks\openjdk-17.0.1\bin\zip.dll
0x00007ffecea20000 - 0x00007ffecea91000 	C:\Users\duckm\AppData\Local\Temp\lwjglduckm\3.3.0-build-21\lwjgl.dll
0x00007ffecca60000 - 0x00007ffeccac1000 	C:\Users\duckm\AppData\Local\Temp\lwjglduckm\3.3.0-build-21\glfw.dll
0x00007ffed28d0000 - 0x00007ffed2915000 	C:\Windows\SYSTEM32\dinput8.dll
0x00007ffed3230000 - 0x00007ffed3241000 	C:\Windows\SYSTEM32\xinput1_4.dll
0x00007ffefe0a0000 - 0x00007ffefe0ee000 	C:\Windows\System32\cfgmgr32.dll
0x00007ffefdda0000 - 0x00007ffefddd4000 	C:\Windows\SYSTEM32\DEVOBJ.dll
0x00007ffefbc20000 - 0x00007ffefbc4f000 	C:\Windows\SYSTEM32\dwmapi.dll
0x00007ffeeb050000 - 0x00007ffeeb1a2000 	C:\Windows\SYSTEM32\inputhost.dll
0x00007ffeff300000 - 0x00007ffeff3cd000 	C:\Windows\System32\OLEAUT32.dll
0x00007ffefa530000 - 0x00007ffefa684000 	C:\Windows\SYSTEM32\wintypes.dll
0x00007ffefa690000 - 0x00007ffefa786000 	C:\Windows\SYSTEM32\PROPSYS.dll
0x00007ffefb140000 - 0x00007ffefb232000 	C:\Windows\SYSTEM32\CoreMessaging.dll
0x00007ffefa990000 - 0x00007ffefacee000 	C:\Windows\SYSTEM32\CoreUIComponents.dll
0x00007ffefccf0000 - 0x00007ffefcd23000 	C:\Windows\SYSTEM32\ntmarta.dll
0x00007ffefb990000 - 0x00007ffefba2e000 	C:\Windows\system32\uxtheme.dll
0x00007ffeffa40000 - 0x00007ffeffb55000 	C:\Windows\System32\MSCTF.dll
0x00007ffebb530000 - 0x00007ffebb655000 	C:\Windows\SYSTEM32\opengl32.dll
0x00007ffee3430000 - 0x00007ffee345c000 	C:\Windows\SYSTEM32\GLU32.dll
0x00007ffefed80000 - 0x00007ffefee29000 	C:\Windows\System32\clbcatq.dll
0x00007ffe7ac70000 - 0x00007ffe7d601000 	C:\Windows\System32\DriverStore\FileRepository\nv_dispi.inf_amd64_272b5c540127d6d2\nvoglv64.dll
0x00007ffeff3d0000 - 0x00007ffeff842000 	C:\Windows\System32\SETUPAPI.dll
0x00007ffefe3e0000 - 0x00007ffefe407000 	C:\Windows\System32\bcrypt.dll
0x00007ffeff850000 - 0x00007ffeff97a000 	C:\Windows\System32\ole32.dll
0x00007ffefb3b0000 - 0x00007ffefb3c4000 	C:\Windows\SYSTEM32\WTSAPI32.dll
0x00007ffefdbe0000 - 0x00007ffefdbf2000 	C:\Windows\SYSTEM32\msasn1.dll
0x00007ffef79c0000 - 0x00007ffef79f1000 	C:\Windows\SYSTEM32\cryptnet.dll
0x00007ffefe0f0000 - 0x00007ffefe246000 	C:\Windows\System32\CRYPT32.dll
0x00007ffefd9c0000 - 0x00007ffefd9cc000 	C:\Windows\SYSTEM32\cryptbase.dll
0x00007ffefe410000 - 0x00007ffefe470000 	C:\Windows\System32\WINTRUST.dll
0x00007ffef6670000 - 0x00007ffef66ab000 	C:\Windows\SYSTEM32\dxcore.dll
0x00007ffec31b0000 - 0x00007ffec3469000 	C:\Windows\system32\nvspcap64.dll
0x00007ffefd5c0000 - 0x00007ffefd60b000 	C:\Windows\SYSTEM32\powrprof.dll
0x00007ffefd430000 - 0x00007ffefd442000 	C:\Windows\SYSTEM32\UMPDC.dll
0x00007ffefcd60000 - 0x00007ffefcdba000 	C:\Windows\SYSTEM32\WINSTA.dll
0x00007ffeeb700000 - 0x00007ffeeb7f9000 	C:\Windows\SYSTEM32\textinputframework.dll
0x00007ffecc310000 - 0x00007ffecc36d000 	C:\Users\duckm\AppData\Local\Temp\lwjglduckm\3.3.0-build-21\lwjgl_opengl.dll

dbghelp: loaded successfully - version: 4.0.5 - missing functions: none
symbol engine: initialized successfully - sym options: 0x614 - pdb path: .;C:\Users\duckm\.jdks\openjdk-17.0.1\bin;C:\Windows\SYSTEM32;C:\Windows\WinSxS\amd64_microsoft.windows.common-controls_6595b64144ccf1df_6.0.19041.1110_none_60b5254171f9507e;C:\Users\duckm\.jdks\openjdk-17.0.1\bin\server;C:\Users\duckm\AppData\Local\Temp\lwjglduckm\3.3.0-build-21;C:\Windows\System32\DriverStore\FileRepository\nv_dispi.inf_amd64_272b5c540127d6d2

VM Arguments:
jvm_args: -Dfile.encoding=windows-1252 -Duser.country=US -Duser.language=en -Duser.variant 
java_command: Main
java_class_path (initial): C:\Users\duckm\IdeaProjects\PlatformerRogueLike\build\classes\java\main;C:\Users\duckm\IdeaProjects\PlatformerRogueLike\build\resources\main;C:\Users\duckm\.gradle\caches\modules-2\files-2.1\org.lwjgl\lwjgl-assimp\3.3.0\82135e856184e76d38a97f729141298d3edcf0e4\lwjgl-assimp-3.3.0.jar;C:\Users\duckm\.gradle\caches\modules-2\files-2.1\org.lwjgl\lwjgl-assimp\3.3.0\3256ea17d2f82e98a2e6464cb165a3af49ac5e36\lwjgl-assimp-3.3.0-natives-windows.jar;C:\Users\duckm\.gradle\caches\modules-2\files-2.1\org.lwjgl\lwjgl-glfw\3.3.0\899e34f314525596f8fdb6476d3e56104da4601d\lwjgl-glfw-3.3.0.jar;C:\Users\duckm\.gradle\caches\modules-2\files-2.1\org.lwjgl\lwjgl-glfw\3.3.0\b2d71cebdfecc512131879573e835211cb47b91f\lwjgl-glfw-3.3.0-natives-windows.jar;C:\Users\duckm\.gradle\caches\modules-2\files-2.1\org.lwjgl\lwjgl-nfd\3.3.0\6d0e4be3e2811979b3cad55f642c5b13559fa202\lwjgl-nfd-3.3.0.jar;C:\Users\duckm\.gradle\caches\modules-2\files-2.1\org.lwjgl\lwjgl-nfd\3.3.0\eabaa0a7dcf9597d6a11c2d706431fd884dd84d9\lwjgl-nfd-3.3.0-natives-windows.jar;C:\Users\duckm\.gradle\caches\modules-2\files-2.1\org.lwjgl\lwjgl-openal\3.3.0\902dd57b5a46e8a75ee843c2db61f80b4d130d48\lwjgl-openal-3.3.0.jar;C:\Users\duckm\.gradle\caches\modules-2\files-2.1\org.lwjgl\lwjgl-openal\3.3.0\d6e59a987bd196b9a7ce161db41fe1727b0d88f\lwjgl-openal-3.3.0-natives-windows.jar;C:\Users\duckm\.gradle\caches\modules-2\files-2.1\org.lwjgl\lwjgl-opengl\3.3.0\a1f395f7758a3abd5aff75fc8a20368ac371631e\lwjgl-opengl-3.3.0.jar;C:\Users\duckm\.gradle\caches\modules-2\files-2.1\org.lwjgl\lwjgl-opengl\3.3.0\de52e197709c8d03cb386ed7b3b4ce8b96a339f3\lwjgl-opengl-3.3.0-natives-windows.jar;C:\Users\duckm\.gradle\caches\modules-2\files-2.1\org.lwjgl\lwjgl-stb\3.3.0\69becce49e19671fccca33bfb273231055bd9fcf\lwjgl-stb-3.3.0.jar;C:\Users\duckm\.gradle\caches\modules-2\files-2.1\org.lwjgl\lwjgl-stb\3.3.0\58994705dc03cca4da31ab850edfae51cfbff74c\lwjgl-stb-3.3.0-natives-windows.jar;C:\Users\duckm\.gradle\caches\modules-2\files-2.1\o
Launcher Type: SUN_STANDARD

[Global flags]
     intx CICompilerCount                          = 3                                         {product} {ergonomic}
     uint ConcGCThreads                            = 2                                         {product} {ergonomic}
     uint G1ConcRefinementThreads                  = 6                                         {product} {ergonomic}
   size_t G1HeapRegionSize                         = 2097152                                   {product} {ergonomic}
    uintx GCDrainStackTargetSize                   = 64                                        {product} {ergonomic}
   size_t InitialHeapSize                          = 251658240                                 {product} {ergonomic}
   size_t MarkStackSize                            = 4194304                                   {product} {ergonomic}
   size_t MaxHeapSize                              = 4011851776                                {product} {ergonomic}
   size_t MaxNewSize                               = 2405433344                                {product} {ergonomic}
   size_t MinHeapDeltaBytes                        = 2097152                                   {product} {ergonomic}
   size_t MinHeapSize                              = 8388608                                   {product} {ergonomic}
    uintx NonNMethodCodeHeapSize                   = 5832780                                {pd product} {ergonomic}
    uintx NonProfiledCodeHeapSize                  = 122912730                              {pd product} {ergonomic}
    uintx ProfiledCodeHeapSize                     = 122912730                              {pd product} {ergonomic}
    uintx ReservedCodeCacheSize                    = 251658240                              {pd product} {ergonomic}
     bool SegmentedCodeCache                       = true                                      {product} {ergonomic}
   size_t SoftMaxHeapSize                          = 4011851776                             {manageable} {ergonomic}
     bool UseCompressedClassPointers               = true                           {product lp64_product} {ergonomic}
     bool UseCompressedOops                        = true                           {product lp64_product} {ergonomic}
     bool UseG1GC                                  = true                                      {product} {ergonomic}
     bool UseLargePagesIndividualAllocation        = false                                  {pd product} {ergonomic}

Logging:
Log output configuration:
 #0: stdout all=warning uptime,level,tags
 #1: stderr all=off uptime,level,tags

Environment Variables:
PATH=C:\Program Files\Eclipse Adoptium\jdk-17.0.1.12-hotspot\bin;C:\Program Files\Common Files\Oracle\Java\javapath;C:\Program Files (x86)\Common Files\Oracle\Java\javapath;C:\Windows\system32;C:\Windows;C:\Windows\System32\Wbem;C:\Windows\System32\WindowsPowerShell\v1.0\;C:\Windows\System32\OpenSSH\;C:\Program Files (x86)\NVIDIA Corporation\PhysX\Common;C:\Program Files\NVIDIA Corporation\NVIDIA NvDLISR;C:\Program Files (x86)\dotnet\;C:\Program Files\dotnet\;C:\Program Files\Git\cmd;C:\Users\duckm\AppData\Local\Microsoft\WindowsApps;;C:\Program Files\JetBrains\IntelliJ IDEA Community Edition 2021.3\bin;
USERNAME=duckm
OS=Windows_NT
PROCESSOR_IDENTIFIER=AMD64 Family 23 Model 113 Stepping 0, AuthenticAMD



---------------  S Y S T E M  ---------------

OS:
 Windows 10 , 64 bit Build 19041 (10.0.19041.1348)
OS uptime: 3 days 20:12 hours

CPU: total 6 (initial active 6) (6 cores per cpu, 1 threads per core) family 23 model 113 stepping 0 microcode 0x0, cx8, cmov, fxsr, mmx, 3dnowpref, sse, sse2, sse3, ssse3, sse4a, sse4.1, sse4.2, popcnt, lzcnt, tsc, tscinvbit, avx, avx2, aes, clmul, bmi1, bmi2, adx, sha, fma, vzeroupper, clflush, clflushopt

Memory: 4k page, system-wide physical 15298M (5452M free)
TotalPageFile size 18498M (AvailPageFile size 2523M)
current process WorkingSet (physical memory assigned to process): 92M, peak: 92M
current process commit charge ("private bytes"): 413M, peak: 413M

vm_info: OpenJDK 64-Bit Server VM (17.0.1+12-39) for windows-amd64 JRE (17.0.1+12-39), built on Sep 27 2021 18:39:29 by "mach5one" with MS VC++ 16.8 (VS2019)

END.
